<?xml version="1.0" encoding="UTF-8"?>
<testng-results ignored="0" total="8" passed="8" failed="0" skipped="0">
  <reporter-output>
    <line>
      <![CDATA[Screenshot taken]]>
    </line>
    <line>
      <![CDATA[Screenshot taken]]>
    </line>
    <line>
      <![CDATA[Screenshot taken]]>
    </line>
    <line>
      <![CDATA[Screenshot taken]]>
    </line>
    <line>
      <![CDATA[Screenshot taken]]>
    </line>
    <line>
      <![CDATA[Screenshot taken]]>
    </line>
    <line>
      <![CDATA[Screenshot taken]]>
    </line>
    <line>
      <![CDATA[Screenshot taken]]>
    </line>
    <line>
      <![CDATA[Screenshot taken]]>
    </line>
    <line>
      <![CDATA[Screenshot taken]]>
    </line>
    <line>
      <![CDATA[Screenshot taken]]>
    </line>
    <line>
      <![CDATA[Screenshot taken]]>
    </line>
    <line>
      <![CDATA[Screenshot taken]]>
    </line>
    <line>
      <![CDATA[Screenshot taken]]>
    </line>
    <line>
      <![CDATA[Screenshot taken]]>
    </line>
    <line>
      <![CDATA[Screenshot taken]]>
    </line>
    <line>
      <![CDATA[Screenshot taken]]>
    </line>
    <line>
      <![CDATA[Screenshot taken]]>
    </line>
    <line>
      <![CDATA[Screenshot taken]]>
    </line>
    <line>
      <![CDATA[Screenshot taken]]>
    </line>
    <line>
      <![CDATA[Screenshot taken]]>
    </line>
    <line>
      <![CDATA[Screenshot taken]]>
    </line>
    <line>
      <![CDATA[Screenshot taken]]>
    </line>
    <line>
      <![CDATA[Screenshot taken]]>
    </line>
    <line>
      <![CDATA[Screenshot taken]]>
    </line>
    <line>
      <![CDATA[Screenshot taken]]>
    </line>
    <line>
      <![CDATA[Screenshot taken]]>
    </line>
    <line>
      <![CDATA[Screenshot taken]]>
    </line>
    <line>
      <![CDATA[Screenshot taken]]>
    </line>
    <line>
      <![CDATA[Screenshot taken]]>
    </line>
    <line>
      <![CDATA[Screenshot taken]]>
    </line>
    <line>
      <![CDATA[Screenshot taken]]>
    </line>
    <line>
      <![CDATA[Screenshot taken]]>
    </line>
    <line>
      <![CDATA[Screenshot taken]]>
    </line>
  </reporter-output>
  <suite started-at="2023-04-23T16:17:03 IST" name="Default suite" finished-at="2023-04-23T16:21:03 IST" duration-ms="239683">
    <groups>
      <group name="cucumber">
        <method signature="AbstractTestNGCucumberTests.runScenario(io.cucumber.testng.PickleWrapper,io.cucumber.testng.FeatureWrapper)[pri:0, instance:com.cumcumber.MyProject_DemoBlaze.TestRunner@d737b89]" name="runScenario" class="io.cucumber.testng.AbstractTestNGCucumberTests"/>
      </group> <!-- cucumber -->
    </groups>
    <test started-at="2023-04-23T16:17:03 IST" name="Default test" finished-at="2023-04-23T16:21:03 IST" duration-ms="239683">
      <class name="com.cumcumber.MyProject_DemoBlaze.TestRunner">
        <test-method is-config="true" signature="setUpClass(org.testng.ITestContext)[pri:0, instance:com.cumcumber.MyProject_DemoBlaze.TestRunner@d737b89]" started-at="2023-04-23T16:17:03 IST" name="setUpClass" finished-at="2023-04-23T16:17:06 IST" duration-ms="2419" status="PASS">
          <params>
            <param index="0">
              <value>
                <![CDATA[org.testng.TestRunner@44618fe6]]>
              </value>
            </param>
          </params>
          <reporter-output>
          </reporter-output>
        </test-method> <!-- setUpClass -->
        <test-method signature="runScenario(io.cucumber.testng.PickleWrapper,io.cucumber.testng.FeatureWrapper)[pri:0, instance:com.cumcumber.MyProject_DemoBlaze.TestRunner@d737b89]" started-at="2023-04-23T16:17:06 IST" name="runScenario" description="Runs Cucumber Scenarios" data-provider="scenarios" finished-at="2023-04-23T16:17:45 IST" duration-ms="39683" status="PASS">
          <params>
            <param index="0">
              <value>
                <![CDATA["user can place order for product"]]>
              </value>
            </param>
            <param index="1">
              <value>
                <![CDATA["demoblaze Project automation cart page"]]>
              </value>
            </param>
          </params>
          <reporter-output>
            <line>
              <![CDATA[Screenshot taken]]>
            </line>
            <line>
              <![CDATA[Screenshot taken]]>
            </line>
            <line>
              <![CDATA[Screenshot taken]]>
            </line>
            <line>
              <![CDATA[Screenshot taken]]>
            </line>
            <line>
              <![CDATA[Screenshot taken]]>
            </line>
            <line>
              <![CDATA[Screenshot taken]]>
            </line>
          </reporter-output>
        </test-method> <!-- runScenario -->
        <test-method signature="runScenario(io.cucumber.testng.PickleWrapper,io.cucumber.testng.FeatureWrapper)[pri:0, instance:com.cumcumber.MyProject_DemoBlaze.TestRunner@d737b89]" started-at="2023-04-23T16:17:45 IST" name="runScenario" description="Runs Cucumber Scenarios" data-provider="scenarios" finished-at="2023-04-23T16:18:25 IST" duration-ms="39725" status="PASS">
          <params>
            <param index="0">
              <value>
                <![CDATA["user can place order for product with only name and card detail"]]>
              </value>
            </param>
            <param index="1">
              <value>
                <![CDATA["demoblaze Project automation cart page"]]>
              </value>
            </param>
          </params>
          <reporter-output>
            <line>
              <![CDATA[Screenshot taken]]>
            </line>
            <line>
              <![CDATA[Screenshot taken]]>
            </line>
            <line>
              <![CDATA[Screenshot taken]]>
            </line>
            <line>
              <![CDATA[Screenshot taken]]>
            </line>
            <line>
              <![CDATA[Screenshot taken]]>
            </line>
            <line>
              <![CDATA[Screenshot taken]]>
            </line>
          </reporter-output>
        </test-method> <!-- runScenario -->
        <test-method signature="runScenario(io.cucumber.testng.PickleWrapper,io.cucumber.testng.FeatureWrapper)[pri:0, instance:com.cumcumber.MyProject_DemoBlaze.TestRunner@d737b89]" started-at="2023-04-23T16:18:25 IST" name="runScenario" description="Runs Cucumber Scenarios" data-provider="scenarios" finished-at="2023-04-23T16:19:03 IST" duration-ms="38367" status="PASS">
          <params>
            <param index="0">
              <value>
                <![CDATA["user try to place order for product without giving name detail"]]>
              </value>
            </param>
            <param index="1">
              <value>
                <![CDATA["demoblaze Project automation cart page"]]>
              </value>
            </param>
          </params>
          <reporter-output>
            <line>
              <![CDATA[Screenshot taken]]>
            </line>
            <line>
              <![CDATA[Screenshot taken]]>
            </line>
            <line>
              <![CDATA[Screenshot taken]]>
            </line>
            <line>
              <![CDATA[Screenshot taken]]>
            </line>
            <line>
              <![CDATA[Screenshot taken]]>
            </line>
            <line>
              <![CDATA[Screenshot taken]]>
            </line>
          </reporter-output>
        </test-method> <!-- runScenario -->
        <test-method signature="runScenario(io.cucumber.testng.PickleWrapper,io.cucumber.testng.FeatureWrapper)[pri:0, instance:com.cumcumber.MyProject_DemoBlaze.TestRunner@d737b89]" started-at="2023-04-23T16:19:03 IST" name="runScenario" description="Runs Cucumber Scenarios" data-provider="scenarios" finished-at="2023-04-23T16:19:33 IST" duration-ms="29479" status="PASS">
          <params>
            <param index="0">
              <value>
                <![CDATA["user add items to cart then delete item from cart"]]>
              </value>
            </param>
            <param index="1">
              <value>
                <![CDATA["demoblaze Project automation cart page"]]>
              </value>
            </param>
          </params>
          <reporter-output>
            <line>
              <![CDATA[Screenshot taken]]>
            </line>
            <line>
              <![CDATA[Screenshot taken]]>
            </line>
            <line>
              <![CDATA[Screenshot taken]]>
            </line>
            <line>
              <![CDATA[Screenshot taken]]>
            </line>
            <line>
              <![CDATA[Screenshot taken]]>
            </line>
          </reporter-output>
        </test-method> <!-- runScenario -->
        <test-method signature="runScenario(io.cucumber.testng.PickleWrapper,io.cucumber.testng.FeatureWrapper)[pri:0, instance:com.cumcumber.MyProject_DemoBlaze.TestRunner@d737b89]" started-at="2023-04-23T16:19:33 IST" name="runScenario" description="Runs Cucumber Scenarios" data-provider="scenarios" finished-at="2023-04-23T16:19:46 IST" duration-ms="13016" status="PASS">
          <params>
            <param index="0">
              <value>
                <![CDATA["User open DemoBlaze"]]>
              </value>
            </param>
            <param index="1">
              <value>
                <![CDATA["DemoBlaze Automation Project"]]>
              </value>
            </param>
          </params>
          <reporter-output>
            <line>
              <![CDATA[Screenshot taken]]>
            </line>
            <line>
              <![CDATA[Screenshot taken]]>
            </line>
          </reporter-output>
        </test-method> <!-- runScenario -->
        <test-method signature="runScenario(io.cucumber.testng.PickleWrapper,io.cucumber.testng.FeatureWrapper)[pri:0, instance:com.cumcumber.MyProject_DemoBlaze.TestRunner@d737b89]" started-at="2023-04-23T16:19:46 IST" name="runScenario" description="Runs Cucumber Scenarios" data-provider="scenarios" finished-at="2023-04-23T16:20:03 IST" duration-ms="16805" status="PASS">
          <params>
            <param index="0">
              <value>
                <![CDATA["User try to sign-up with existing Id"]]>
              </value>
            </param>
            <param index="1">
              <value>
                <![CDATA["DemoBlaze Automation Project"]]>
              </value>
            </param>
          </params>
          <reporter-output>
            <line>
              <![CDATA[Screenshot taken]]>
            </line>
            <line>
              <![CDATA[Screenshot taken]]>
            </line>
          </reporter-output>
        </test-method> <!-- runScenario -->
        <test-method signature="runScenario(io.cucumber.testng.PickleWrapper,io.cucumber.testng.FeatureWrapper)[pri:0, instance:com.cumcumber.MyProject_DemoBlaze.TestRunner@d737b89]" started-at="2023-04-23T16:20:03 IST" name="runScenario" description="Runs Cucumber Scenarios" data-provider="scenarios" finished-at="2023-04-23T16:20:16 IST" duration-ms="13651" status="PASS">
          <params>
            <param index="0">
              <value>
                <![CDATA["Valid username and valid password test"]]>
              </value>
            </param>
            <param index="1">
              <value>
                <![CDATA["DemoBlaze Automation Project"]]>
              </value>
            </param>
          </params>
          <reporter-output>
            <line>
              <![CDATA[Screenshot taken]]>
            </line>
          </reporter-output>
        </test-method> <!-- runScenario -->
        <test-method signature="runScenario(io.cucumber.testng.PickleWrapper,io.cucumber.testng.FeatureWrapper)[pri:0, instance:com.cumcumber.MyProject_DemoBlaze.TestRunner@d737b89]" started-at="2023-04-23T16:20:16 IST" name="runScenario" description="Runs Cucumber Scenarios" data-provider="scenarios" finished-at="2023-04-23T16:21:02 IST" duration-ms="45121" status="PASS">
          <params>
            <param index="0">
              <value>
                <![CDATA["user can place order for product"]]>
              </value>
            </param>
            <param index="1">
              <value>
                <![CDATA["DemoBlaze Automation Project"]]>
              </value>
            </param>
          </params>
          <reporter-output>
            <line>
              <![CDATA[Screenshot taken]]>
            </line>
            <line>
              <![CDATA[Screenshot taken]]>
            </line>
            <line>
              <![CDATA[Screenshot taken]]>
            </line>
            <line>
              <![CDATA[Screenshot taken]]>
            </line>
            <line>
              <![CDATA[Screenshot taken]]>
            </line>
            <line>
              <![CDATA[Screenshot taken]]>
            </line>
          </reporter-output>
        </test-method> <!-- runScenario -->
        <test-method is-config="true" signature="tearDownClass()[pri:0, instance:com.cumcumber.MyProject_DemoBlaze.TestRunner@d737b89]" started-at="2023-04-23T16:21:02 IST" name="tearDownClass" finished-at="2023-04-23T16:21:03 IST" duration-ms="1021" status="PASS">
          <reporter-output>
          </reporter-output>
        </test-method> <!-- tearDownClass -->
      </class> <!-- com.cumcumber.MyProject_DemoBlaze.TestRunner -->
    </test> <!-- Default test -->
  </suite> <!-- Default suite -->
</testng-results>
